\BOOKMARK [1][-]{section*.1}{\376\377\000c\000a\000s\000e\000s}{}% 1
\BOOKMARK [1][-]{section*.2}{\376\377\000c\000a\000s\000e\000s\000\137\000t\000s}{}% 2
\BOOKMARK [1][-]{section*.3}{\376\377\000c\000a\000s\000e\000s\000\137\000t\000s\000\137\000c\000t}{}% 3
\BOOKMARK [1][-]{section*.4}{\376\377\000c\000a\000s\000e\000s\000\137\000c\000s\000t\000s\000\137\000m\000s}{}% 4
\BOOKMARK [1][-]{section*.5}{\376\377\000c\000a\000s\000e\000s\000\137\000c\000s\000t\000s\000\137\000m\000s\000\137\000c\000t}{}% 5
\BOOKMARK [1][-]{section*.6}{\376\377\000c\000a\000s\000e\000s\000\137\000c\000s\000t\000s\000\137\000d\000p}{}% 6
\BOOKMARK [1][-]{section*.7}{\376\377\000c\000a\000s\000e\000s\000\137\000c\000s\000t\000s\000\137\000d\000p\000\137\000c\000t}{}% 7
\BOOKMARK [1][-]{section*.8}{\376\377\000c\000a\000s\000e\000s\000\137\000d\000d\000y}{}% 8
\BOOKMARK [1][-]{section*.9}{\376\377\000c\000a\000s\000e\000s\000\137\000d\000d\000y\000\137\000c\000t}{}% 9
\BOOKMARK [1][-]{section*.10}{\376\377\000c\000a\000s\000e\000s\000\137\000n\000e\000t}{}% 10
\BOOKMARK [1][-]{section*.11}{\376\377\000c\000a\000s\000e\000s\000\137\000n\000e\000t\000\137\000c\000t}{}% 11
\BOOKMARK [1][-]{section*.12}{\376\377\000d\000e\000c\000i\000s\000i\000o\000n\000s}{}% 12
\BOOKMARK [1][-]{section*.13}{\376\377\000d\000e\000c\000i\000s\000i\000o\000n\000s\000\137\000t\000s}{}% 13
\BOOKMARK [1][-]{section*.14}{\376\377\000d\000e\000c\000i\000s\000i\000o\000n\000s\000\137\000t\000s\000\137\000c\000t}{}% 14
\BOOKMARK [1][-]{section*.15}{\376\377\000d\000e\000c\000i\000s\000i\000o\000n\000s\000\137\000c\000s\000t\000s\000\137\000m\000s}{}% 15
\BOOKMARK [1][-]{section*.16}{\376\377\000d\000e\000c\000i\000s\000i\000o\000n\000s\000\137\000c\000s\000t\000s\000\137\000m\000s\000\137\000c\000t}{}% 16
\BOOKMARK [1][-]{section*.17}{\376\377\000d\000e\000c\000i\000s\000i\000o\000n\000s\000\137\000c\000s\000t\000s\000\137\000d\000p}{}% 17
\BOOKMARK [1][-]{section*.18}{\376\377\000d\000e\000c\000i\000s\000i\000o\000n\000s\000\137\000c\000s\000t\000s\000\137\000d\000p\000\137\000c\000t}{}% 18
\BOOKMARK [1][-]{section*.19}{\376\377\000d\000e\000c\000i\000s\000i\000o\000n\000s\000\137\000d\000d\000y}{}% 19
\BOOKMARK [1][-]{section*.20}{\376\377\000d\000e\000c\000i\000s\000i\000o\000n\000s\000\137\000d\000d\000y\000\137\000c\000t}{}% 20
\BOOKMARK [1][-]{section*.21}{\376\377\000d\000e\000c\000i\000s\000i\000o\000n\000s\000\137\000n\000e\000t}{}% 21
\BOOKMARK [1][-]{section*.22}{\376\377\000d\000e\000c\000i\000s\000i\000o\000n\000s\000\137\000n\000e\000t\000\137\000c\000t}{}% 22
